<?xml version="1.0" encoding="UTF-8"?>
<!-- Generated by org.testng.reporters.JUnitReportReporter -->
<testsuite hostname="DESKTOP-1KPAJ11" failures="0" tests="2" name="org.testNGEx1.Example01" time="38.476" errors="0" timestamp="2022-12-11T16:54:56 IST" skipped="0">
  <testcase classname="org.testNGEx1.Example01" name="testCase1" time="15.082"/>
  <system-out/>
  <testcase classname="org.testNGEx1.Example01" name="testCase2" time="23.394"/>
  <system-out/>
</testsuite> <!-- org.testNGEx1.Example01 -->
